The system is: MSYS - 3.4.6.x86_64 - x86_64
Compiling the C compiler identification source file "CMakeCCompilerId.c" succeeded.
Compiler: /c/MinGW/bin/gcc.exe 
Build flags: 
Id flags:  

The output was:
0


Compilation of the C compiler identification source "CMakeCCompilerId.c" produced "a.exe"

The C compiler identification is GNU, found in "/home/nicol/OneDrive/nicodeGmbH/C-Chip/CMakeFiles/3.25.1/CompilerIdC/a.exe"

Compiling the CXX compiler identification source file "CMakeCXXCompilerId.cpp" succeeded.
Compiler: /c/MinGW/bin/c++.exe 
Build flags: 
Id flags:  

The output was:
0


Compilation of the CXX compiler identification source "CMakeCXXCompilerId.cpp" produced "a.exe"

The CXX compiler identification is GNU, found in "/home/nicol/OneDrive/nicodeGmbH/C-Chip/CMakeFiles/3.25.1/CompilerIdCXX/a.exe"

Detecting C compiler ABI info compiled with the following output:
Change Dir: /home/nicol/OneDrive/nicodeGmbH/C-Chip/CMakeFiles/CMakeScratch/TryCompile-Pv0bT0

Run Build Command(s):/opt/devkitpro/msys2/usr/bin/make.exe -f Makefile cmTC_2836a/fast && /opt/devkitpro/msys2/usr/bin/make  -f CMakeFiles/cmTC_2836a.dir/build.make CMakeFiles/cmTC_2836a.dir/build
make[1]: Entering directory '/home/nicol/OneDrive/nicodeGmbH/C-Chip/CMakeFiles/CMakeScratch/TryCompile-Pv0bT0'
Building C object CMakeFiles/cmTC_2836a.dir/CMakeCCompilerABI.c.o
/c/MinGW/bin/gcc.exe   -v -o CMakeFiles/cmTC_2836a.dir/CMakeCCompilerABI.c.o -c /opt/devkitpro/msys2/usr/share/cmake/Modules/CMakeCCompilerABI.c
Using built-in specs.
COLLECT_GCC=C:\MinGW\bin\gcc.exe
Target: mingw32
Configured with: ../src/gcc-6.3.0/configure --build=x86_64-pc-linux-gnu --host=mingw32 --target=mingw32 --with-gmp=/mingw --with-mpfr --with-mpc=/mingw --with-isl=/mingw --prefix=/mingw --disable-win32-registry --with-arch=i586 --with-tune=generic --enable-languages=c,c++,objc,obj-c++,fortran,ada --with-pkgversion='MinGW.org GCC-6.3.0-1' --enable-static --enable-shared --enable-threads --with-dwarf2 --disable-sjlj-exceptions --enable-version-specific-runtime-libs --with-libiconv-prefix=/mingw --with-libintl-prefix=/mingw --enable-libstdcxx-debug --enable-libgomp --disable-libvtv --enable-nls
Thread model: win32
gcc version 6.3.0 (MinGW.org GCC-6.3.0-1) 
COLLECT_GCC_OPTIONS='-v' '-o' 'CMakeFiles/cmTC_2836a.dir/CMakeCCompilerABI.c.o' '-c' '-mtune=generic' '-march=i586'
 c:/mingw/bin/../libexec/gcc/mingw32/6.3.0/cc1.exe -quiet -v -iprefix c:\mingw\bin\../lib/gcc/mingw32/6.3.0/ C:/devkitPro/msys2/usr/share/cmake/Modules/CMakeCCompilerABI.c -quiet -dumpbase CMakeCCompilerABI.c -mtune=generic -march=i586 -auxbase-strip CMakeFiles/cmTC_2836a.dir/CMakeCCompilerABI.c.o -version -o C:\Users\nicol\AppData\Local\Temp\ccEIi772.s
GNU C11 (MinGW.org GCC-6.3.0-1) version 6.3.0 (mingw32)
	compiled by GNU C version 6.3.0, GMP version 6.1.2, MPFR version 3.1.5, MPC version 1.0.3, isl version 0.15
GGC heuristics: --param ggc-min-expand=100 --param ggc-min-heapsize=131072
ignoring duplicate directory "c:/mingw/lib/gcc/../../lib/gcc/mingw32/6.3.0/include"
ignoring duplicate directory "/mingw/lib/gcc/mingw32/6.3.0/../../../../include"
ignoring duplicate directory "c:/mingw/lib/gcc/../../include"
ignoring duplicate directory "c:/mingw/lib/gcc/../../lib/gcc/mingw32/6.3.0/include-fixed"
ignoring duplicate directory "c:/mingw/lib/gcc/../../lib/gcc/mingw32/6.3.0/../../../../mingw32/include"
ignoring duplicate directory "/mingw/include"
#include "..." search starts here:
#include <...> search starts here:
 c:\mingw\bin\../lib/gcc/mingw32/6.3.0/include
 c:\mingw\bin\../lib/gcc/mingw32/6.3.0/../../../../include
 c:\mingw\bin\../lib/gcc/mingw32/6.3.0/include-fixed
 c:\mingw\bin\../lib/gcc/mingw32/6.3.0/../../../../mingw32/include
End of search list.
GNU C11 (MinGW.org GCC-6.3.0-1) version 6.3.0 (mingw32)
	compiled by GNU C version 6.3.0, GMP version 6.1.2, MPFR version 3.1.5, MPC version 1.0.3, isl version 0.15
GGC heuristics: --param ggc-min-expand=100 --param ggc-min-heapsize=131072
Compiler executable checksum: 384cad586f05ed581a9c068b2f18b408
COLLECT_GCC_OPTIONS='-v' '-o' 'CMakeFiles/cmTC_2836a.dir/CMakeCCompilerABI.c.o' '-c' '-mtune=generic' '-march=i586'
 c:/mingw/bin/../lib/gcc/mingw32/6.3.0/../../../../mingw32/bin/as.exe -v -o CMakeFiles/cmTC_2836a.dir/CMakeCCompilerABI.c.o C:\Users\nicol\AppData\Local\Temp\ccEIi772.s
GNU assembler version 2.28 (mingw32) using BFD version (GNU Binutils) 2.28
COMPILER_PATH=c:/mingw/bin/../libexec/gcc/mingw32/6.3.0/;c:/mingw/bin/../libexec/gcc/;c:/mingw/bin/../lib/gcc/mingw32/6.3.0/../../../../mingw32/bin/
LIBRARY_PATH=c:/mingw/bin/../lib/gcc/mingw32/6.3.0/;c:/mingw/bin/../lib/gcc/;c:/mingw/bin/../lib/gcc/mingw32/6.3.0/../../../../mingw32/lib/;c:/mingw/bin/../lib/gcc/mingw32/6.3.0/../../../
COLLECT_GCC_OPTIONS='-v' '-o' 'CMakeFiles/cmTC_2836a.dir/CMakeCCompilerABI.c.o' '-c' '-mtune=generic' '-march=i586'
Linking C executable cmTC_2836a.exe
/opt/devkitpro/msys2/usr/bin/cmake.exe -E cmake_link_script CMakeFiles/cmTC_2836a.dir/link.txt --verbose=1
/c/MinGW/bin/gcc.exe -Wl,--enable-auto-import -v CMakeFiles/cmTC_2836a.dir/CMakeCCompilerABI.c.o -o cmTC_2836a.exe -Wl,--out-implib,libcmTC_2836a.dll.a -Wl,--major-image-version,0,--minor-image-version,0 
Using built-in specs.
COLLECT_GCC=C:\MinGW\bin\gcc.exe
COLLECT_LTO_WRAPPER=c:/mingw/bin/../libexec/gcc/mingw32/6.3.0/lto-wrapper.exe
Target: mingw32
Configured with: ../src/gcc-6.3.0/configure --build=x86_64-pc-linux-gnu --host=mingw32 --target=mingw32 --with-gmp=/mingw --with-mpfr --with-mpc=/mingw --with-isl=/mingw --prefix=/mingw --disable-win32-registry --with-arch=i586 --with-tune=generic --enable-languages=c,c++,objc,obj-c++,fortran,ada --with-pkgversion='MinGW.org GCC-6.3.0-1' --enable-static --enable-shared --enable-threads --with-dwarf2 --disable-sjlj-exceptions --enable-version-specific-runtime-libs --with-libiconv-prefix=/mingw --with-libintl-prefix=/mingw --enable-libstdcxx-debug --enable-libgomp --disable-libvtv --enable-nls
Thread model: win32
gcc version 6.3.0 (MinGW.org GCC-6.3.0-1) 
COMPILER_PATH=c:/mingw/bin/../libexec/gcc/mingw32/6.3.0/;c:/mingw/bin/../libexec/gcc/;c:/mingw/bin/../lib/gcc/mingw32/6.3.0/../../../../mingw32/bin/
LIBRARY_PATH=c:/mingw/bin/../lib/gcc/mingw32/6.3.0/;c:/mingw/bin/../lib/gcc/;c:/mingw/bin/../lib/gcc/mingw32/6.3.0/../../../../mingw32/lib/;c:/mingw/bin/../lib/gcc/mingw32/6.3.0/../../../
COLLECT_GCC_OPTIONS='-v' '-o' 'cmTC_2836a.exe' '-mtune=generic' '-march=i586'
 c:/mingw/bin/../libexec/gcc/mingw32/6.3.0/collect2.exe -plugin c:/mingw/bin/../libexec/gcc/mingw32/6.3.0/liblto_plugin-0.dll -plugin-opt=c:/mingw/bin/../libexec/gcc/mingw32/6.3.0/lto-wrapper.exe -plugin-opt=-fresolution=C:\Users\nicol\AppData\Local\Temp\ccuPbfZ9.res -plugin-opt=-pass-through=-lmingw32 -plugin-opt=-pass-through=-lgcc -plugin-opt=-pass-through=-lgcc_eh -plugin-opt=-pass-through=-lmoldname -plugin-opt=-pass-through=-lmingwex -plugin-opt=-pass-through=-lmsvcrt -plugin-opt=-pass-through=-ladvapi32 -plugin-opt=-pass-through=-lshell32 -plugin-opt=-pass-through=-luser32 -plugin-opt=-pass-through=-lkernel32 -plugin-opt=-pass-through=-lmingw32 -plugin-opt=-pass-through=-lgcc -plugin-opt=-pass-through=-lgcc_eh -plugin-opt=-pass-through=-lmoldname -plugin-opt=-pass-through=-lmingwex -plugin-opt=-pass-through=-lmsvcrt -Bdynamic -o cmTC_2836a.exe c:/mingw/bin/../lib/gcc/mingw32/6.3.0/../../../crt2.o c:/mingw/bin/../lib/gcc/mingw32/6.3.0/crtbegin.o -Lc:/mingw/bin/../lib/gcc/mingw32/6.3.0 -Lc:/mingw/bin/../lib/gcc -Lc:/mingw/bin/../lib/gcc/mingw32/6.3.0/../../../../mingw32/lib -Lc:/mingw/bin/../lib/gcc/mingw32/6.3.0/../../.. --enable-auto-import CMakeFiles/cmTC_2836a.dir/CMakeCCompilerABI.c.o --out-implib libcmTC_2836a.dll.a --major-image-version 0 --minor-image-version 0 -lmingw32 -lgcc -lgcc_eh -lmoldname -lmingwex -lmsvcrt -ladvapi32 -lshell32 -luser32 -lkernel32 -lmingw32 -lgcc -lgcc_eh -lmoldname -lmingwex -lmsvcrt c:/mingw/bin/../lib/gcc/mingw32/6.3.0/crtend.o
COLLECT_GCC_OPTIONS='-v' '-o' 'cmTC_2836a.exe' '-mtune=generic' '-march=i586'
make[1]: Leaving directory '/home/nicol/OneDrive/nicodeGmbH/C-Chip/CMakeFiles/CMakeScratch/TryCompile-Pv0bT0'



Parsed C implicit include dir info from above output: rv=done
  found start of include info
  found start of implicit include info
    add: [c:/mingw/bin/../lib/gcc/mingw32/6.3.0/include]
    add: [c:/mingw/bin/../lib/gcc/mingw32/6.3.0/../../../../include]
    add: [c:/mingw/bin/../lib/gcc/mingw32/6.3.0/include-fixed]
    add: [c:/mingw/bin/../lib/gcc/mingw32/6.3.0/../../../../mingw32/include]
  end of search list found
  skipping relative include dir [c:/mingw/bin/../lib/gcc/mingw32/6.3.0/include]
  skipping relative include dir [c:/mingw/bin/../lib/gcc/mingw32/6.3.0/../../../../include]
  skipping relative include dir [c:/mingw/bin/../lib/gcc/mingw32/6.3.0/include-fixed]
  skipping relative include dir [c:/mingw/bin/../lib/gcc/mingw32/6.3.0/../../../../mingw32/include]
  implicit include dirs: []


Parsed C implicit link information from above output:
  link line regex: [^( *|.*[/\])(ld\.exe|CMAKE_LINK_STARTFILE-NOTFOUND|([^/\]+-)?ld|collect2)[^/\]*( |$)]
  ignore line: [Change Dir: /home/nicol/OneDrive/nicodeGmbH/C-Chip/CMakeFiles/CMakeScratch/TryCompile-Pv0bT0]
  ignore line: []
  ignore line: [Run Build Command(s):/opt/devkitpro/msys2/usr/bin/make.exe -f Makefile cmTC_2836a/fast && /opt/devkitpro/msys2/usr/bin/make  -f CMakeFiles/cmTC_2836a.dir/build.make CMakeFiles/cmTC_2836a.dir/build]
  ignore line: [make[1]: Entering directory '/home/nicol/OneDrive/nicodeGmbH/C-Chip/CMakeFiles/CMakeScratch/TryCompile-Pv0bT0']
  ignore line: [Building C object CMakeFiles/cmTC_2836a.dir/CMakeCCompilerABI.c.o]
  ignore line: [/c/MinGW/bin/gcc.exe   -v -o CMakeFiles/cmTC_2836a.dir/CMakeCCompilerABI.c.o -c /opt/devkitpro/msys2/usr/share/cmake/Modules/CMakeCCompilerABI.c]
  ignore line: [Using built-in specs.]
  ignore line: [COLLECT_GCC=C:\MinGW\bin\gcc.exe]
  ignore line: [Target: mingw32]
  ignore line: [Configured with: ../src/gcc-6.3.0/configure --build=x86_64-pc-linux-gnu --host=mingw32 --target=mingw32 --with-gmp=/mingw --with-mpfr --with-mpc=/mingw --with-isl=/mingw --prefix=/mingw --disable-win32-registry --with-arch=i586 --with-tune=generic --enable-languages=c c++ objc obj-c++ fortran ada --with-pkgversion='MinGW.org GCC-6.3.0-1' --enable-static --enable-shared --enable-threads --with-dwarf2 --disable-sjlj-exceptions --enable-version-specific-runtime-libs --with-libiconv-prefix=/mingw --with-libintl-prefix=/mingw --enable-libstdcxx-debug --enable-libgomp --disable-libvtv --enable-nls]
  ignore line: [Thread model: win32]
  ignore line: [gcc version 6.3.0 (MinGW.org GCC-6.3.0-1) ]
  ignore line: [COLLECT_GCC_OPTIONS='-v' '-o' 'CMakeFiles/cmTC_2836a.dir/CMakeCCompilerABI.c.o' '-c' '-mtune=generic' '-march=i586']
  ignore line: [ c:/mingw/bin/../libexec/gcc/mingw32/6.3.0/cc1.exe -quiet -v -iprefix c:\mingw\bin\../lib/gcc/mingw32/6.3.0/ C:/devkitPro/msys2/usr/share/cmake/Modules/CMakeCCompilerABI.c -quiet -dumpbase CMakeCCompilerABI.c -mtune=generic -march=i586 -auxbase-strip CMakeFiles/cmTC_2836a.dir/CMakeCCompilerABI.c.o -version -o C:\Users\nicol\AppData\Local\Temp\ccEIi772.s]
  ignore line: [GNU C11 (MinGW.org GCC-6.3.0-1) version 6.3.0 (mingw32)]
  ignore line: [	compiled by GNU C version 6.3.0  GMP version 6.1.2  MPFR version 3.1.5  MPC version 1.0.3  isl version 0.15]
  ignore line: [GGC heuristics: --param ggc-min-expand=100 --param ggc-min-heapsize=131072]
  ignore line: [ignoring duplicate directory "c:/mingw/lib/gcc/../../lib/gcc/mingw32/6.3.0/include"]
  ignore line: [ignoring duplicate directory "/mingw/lib/gcc/mingw32/6.3.0/../../../../include"]
  ignore line: [ignoring duplicate directory "c:/mingw/lib/gcc/../../include"]
  ignore line: [ignoring duplicate directory "c:/mingw/lib/gcc/../../lib/gcc/mingw32/6.3.0/include-fixed"]
  ignore line: [ignoring duplicate directory "c:/mingw/lib/gcc/../../lib/gcc/mingw32/6.3.0/../../../../mingw32/include"]
  ignore line: [ignoring duplicate directory "/mingw/include"]
  ignore line: [#include "..." search starts here:]
  ignore line: [#include <...> search starts here:]
  ignore line: [ c:\mingw\bin\../lib/gcc/mingw32/6.3.0/include]
  ignore line: [ c:\mingw\bin\../lib/gcc/mingw32/6.3.0/../../../../include]
  ignore line: [ c:\mingw\bin\../lib/gcc/mingw32/6.3.0/include-fixed]
  ignore line: [ c:\mingw\bin\../lib/gcc/mingw32/6.3.0/../../../../mingw32/include]
  ignore line: [End of search list.]
  ignore line: [GNU C11 (MinGW.org GCC-6.3.0-1) version 6.3.0 (mingw32)]
  ignore line: [	compiled by GNU C version 6.3.0  GMP version 6.1.2  MPFR version 3.1.5  MPC version 1.0.3  isl version 0.15]
  ignore line: [GGC heuristics: --param ggc-min-expand=100 --param ggc-min-heapsize=131072]
  ignore line: [Compiler executable checksum: 384cad586f05ed581a9c068b2f18b408]
  ignore line: [COLLECT_GCC_OPTIONS='-v' '-o' 'CMakeFiles/cmTC_2836a.dir/CMakeCCompilerABI.c.o' '-c' '-mtune=generic' '-march=i586']
  ignore line: [ c:/mingw/bin/../lib/gcc/mingw32/6.3.0/../../../../mingw32/bin/as.exe -v -o CMakeFiles/cmTC_2836a.dir/CMakeCCompilerABI.c.o C:\Users\nicol\AppData\Local\Temp\ccEIi772.s]
  ignore line: [GNU assembler version 2.28 (mingw32) using BFD version (GNU Binutils) 2.28]
  ignore line: [COMPILER_PATH=c:/mingw/bin/../libexec/gcc/mingw32/6.3.0/]
  ignore line: [c:/mingw/bin/../libexec/gcc/]
  ignore line: [c:/mingw/bin/../lib/gcc/mingw32/6.3.0/../../../../mingw32/bin/]
  ignore line: [LIBRARY_PATH=c:/mingw/bin/../lib/gcc/mingw32/6.3.0/]
  ignore line: [c:/mingw/bin/../lib/gcc/]
  ignore line: [c:/mingw/bin/../lib/gcc/mingw32/6.3.0/../../../../mingw32/lib/]
  ignore line: [c:/mingw/bin/../lib/gcc/mingw32/6.3.0/../../../]
  ignore line: [COLLECT_GCC_OPTIONS='-v' '-o' 'CMakeFiles/cmTC_2836a.dir/CMakeCCompilerABI.c.o' '-c' '-mtune=generic' '-march=i586']
  ignore line: [Linking C executable cmTC_2836a.exe]
  ignore line: [/opt/devkitpro/msys2/usr/bin/cmake.exe -E cmake_link_script CMakeFiles/cmTC_2836a.dir/link.txt --verbose=1]
  ignore line: [/c/MinGW/bin/gcc.exe -Wl --enable-auto-import -v CMakeFiles/cmTC_2836a.dir/CMakeCCompilerABI.c.o -o cmTC_2836a.exe -Wl --out-implib libcmTC_2836a.dll.a -Wl --major-image-version 0 --minor-image-version 0 ]
  ignore line: [Using built-in specs.]
  ignore line: [COLLECT_GCC=C:\MinGW\bin\gcc.exe]
  ignore line: [COLLECT_LTO_WRAPPER=c:/mingw/bin/../libexec/gcc/mingw32/6.3.0/lto-wrapper.exe]
  ignore line: [Target: mingw32]
  ignore line: [Configured with: ../src/gcc-6.3.0/configure --build=x86_64-pc-linux-gnu --host=mingw32 --target=mingw32 --with-gmp=/mingw --with-mpfr --with-mpc=/mingw --with-isl=/mingw --prefix=/mingw --disable-win32-registry --with-arch=i586 --with-tune=generic --enable-languages=c c++ objc obj-c++ fortran ada --with-pkgversion='MinGW.org GCC-6.3.0-1' --enable-static --enable-shared --enable-threads --with-dwarf2 --disable-sjlj-exceptions --enable-version-specific-runtime-libs --with-libiconv-prefix=/mingw --with-libintl-prefix=/mingw --enable-libstdcxx-debug --enable-libgomp --disable-libvtv --enable-nls]
  ignore line: [Thread model: win32]
  ignore line: [gcc version 6.3.0 (MinGW.org GCC-6.3.0-1) ]
  ignore line: [COMPILER_PATH=c:/mingw/bin/../libexec/gcc/mingw32/6.3.0/]
  ignore line: [c:/mingw/bin/../libexec/gcc/]
  ignore line: [c:/mingw/bin/../lib/gcc/mingw32/6.3.0/../../../../mingw32/bin/]
  ignore line: [LIBRARY_PATH=c:/mingw/bin/../lib/gcc/mingw32/6.3.0/]
  ignore line: [c:/mingw/bin/../lib/gcc/]
  ignore line: [c:/mingw/bin/../lib/gcc/mingw32/6.3.0/../../../../mingw32/lib/]
  ignore line: [c:/mingw/bin/../lib/gcc/mingw32/6.3.0/../../../]
  ignore line: [COLLECT_GCC_OPTIONS='-v' '-o' 'cmTC_2836a.exe' '-mtune=generic' '-march=i586']
  link line: [ c:/mingw/bin/../libexec/gcc/mingw32/6.3.0/collect2.exe -plugin c:/mingw/bin/../libexec/gcc/mingw32/6.3.0/liblto_plugin-0.dll -plugin-opt=c:/mingw/bin/../libexec/gcc/mingw32/6.3.0/lto-wrapper.exe -plugin-opt=-fresolution=C:\Users\nicol\AppData\Local\Temp\ccuPbfZ9.res -plugin-opt=-pass-through=-lmingw32 -plugin-opt=-pass-through=-lgcc -plugin-opt=-pass-through=-lgcc_eh -plugin-opt=-pass-through=-lmoldname -plugin-opt=-pass-through=-lmingwex -plugin-opt=-pass-through=-lmsvcrt -plugin-opt=-pass-through=-ladvapi32 -plugin-opt=-pass-through=-lshell32 -plugin-opt=-pass-through=-luser32 -plugin-opt=-pass-through=-lkernel32 -plugin-opt=-pass-through=-lmingw32 -plugin-opt=-pass-through=-lgcc -plugin-opt=-pass-through=-lgcc_eh -plugin-opt=-pass-through=-lmoldname -plugin-opt=-pass-through=-lmingwex -plugin-opt=-pass-through=-lmsvcrt -Bdynamic -o cmTC_2836a.exe c:/mingw/bin/../lib/gcc/mingw32/6.3.0/../../../crt2.o c:/mingw/bin/../lib/gcc/mingw32/6.3.0/crtbegin.o -Lc:/mingw/bin/../lib/gcc/mingw32/6.3.0 -Lc:/mingw/bin/../lib/gcc -Lc:/mingw/bin/../lib/gcc/mingw32/6.3.0/../../../../mingw32/lib -Lc:/mingw/bin/../lib/gcc/mingw32/6.3.0/../../.. --enable-auto-import CMakeFiles/cmTC_2836a.dir/CMakeCCompilerABI.c.o --out-implib libcmTC_2836a.dll.a --major-image-version 0 --minor-image-version 0 -lmingw32 -lgcc -lgcc_eh -lmoldname -lmingwex -lmsvcrt -ladvapi32 -lshell32 -luser32 -lkernel32 -lmingw32 -lgcc -lgcc_eh -lmoldname -lmingwex -lmsvcrt c:/mingw/bin/../lib/gcc/mingw32/6.3.0/crtend.o]
    arg [c:/mingw/bin/../libexec/gcc/mingw32/6.3.0/collect2.exe] ==> ignore
    arg [-plugin] ==> ignore
    arg [c:/mingw/bin/../libexec/gcc/mingw32/6.3.0/liblto_plugin-0.dll] ==> ignore
    arg [-plugin-opt=c:/mingw/bin/../libexec/gcc/mingw32/6.3.0/lto-wrapper.exe] ==> ignore
    arg [-plugin-opt=-fresolution=C:UsersnicolAppDataLocalTempccuPbfZ9.res] ==> ignore
    arg [-plugin-opt=-pass-through=-lmingw32] ==> ignore
    arg [-plugin-opt=-pass-through=-lgcc] ==> ignore
    arg [-plugin-opt=-pass-through=-lgcc_eh] ==> ignore
    arg [-plugin-opt=-pass-through=-lmoldname] ==> ignore
    arg [-plugin-opt=-pass-through=-lmingwex] ==> ignore
    arg [-plugin-opt=-pass-through=-lmsvcrt] ==> ignore
    arg [-plugin-opt=-pass-through=-ladvapi32] ==> ignore
    arg [-plugin-opt=-pass-through=-lshell32] ==> ignore
    arg [-plugin-opt=-pass-through=-luser32] ==> ignore
    arg [-plugin-opt=-pass-through=-lkernel32] ==> ignore
    arg [-plugin-opt=-pass-through=-lmingw32] ==> ignore
    arg [-plugin-opt=-pass-through=-lgcc] ==> ignore
    arg [-plugin-opt=-pass-through=-lgcc_eh] ==> ignore
    arg [-plugin-opt=-pass-through=-lmoldname] ==> ignore
    arg [-plugin-opt=-pass-through=-lmingwex] ==> ignore
    arg [-plugin-opt=-pass-through=-lmsvcrt] ==> ignore
    arg [-Bdynamic] ==> search dynamic
    arg [-o] ==> ignore
    arg [cmTC_2836a.exe] ==> ignore
    arg [c:/mingw/bin/../lib/gcc/mingw32/6.3.0/../../../crt2.o] ==> obj [c:/mingw/bin/../lib/gcc/mingw32/6.3.0/../../../crt2.o]
    arg [c:/mingw/bin/../lib/gcc/mingw32/6.3.0/crtbegin.o] ==> obj [c:/mingw/bin/../lib/gcc/mingw32/6.3.0/crtbegin.o]
    arg [-Lc:/mingw/bin/../lib/gcc/mingw32/6.3.0] ==> dir [c:/mingw/bin/../lib/gcc/mingw32/6.3.0]
    arg [-Lc:/mingw/bin/../lib/gcc] ==> dir [c:/mingw/bin/../lib/gcc]
    arg [-Lc:/mingw/bin/../lib/gcc/mingw32/6.3.0/../../../../mingw32/lib] ==> dir [c:/mingw/bin/../lib/gcc/mingw32/6.3.0/../../../../mingw32/lib]
    arg [-Lc:/mingw/bin/../lib/gcc/mingw32/6.3.0/../../..] ==> dir [c:/mingw/bin/../lib/gcc/mingw32/6.3.0/../../..]
    arg [--enable-auto-import] ==> ignore
    arg [CMakeFiles/cmTC_2836a.dir/CMakeCCompilerABI.c.o] ==> ignore
    arg [--out-implib] ==> ignore
    arg [libcmTC_2836a.dll.a] ==> ignore
    arg [--major-image-version] ==> ignore
    arg [0] ==> ignore
    arg [--minor-image-version] ==> ignore
    arg [0] ==> ignore
    arg [-lmingw32] ==> lib [mingw32]
    arg [-lgcc] ==> lib [gcc]
    arg [-lgcc_eh] ==> lib [gcc_eh]
    arg [-lmoldname] ==> lib [moldname]
    arg [-lmingwex] ==> lib [mingwex]
    arg [-lmsvcrt] ==> lib [msvcrt]
    arg [-ladvapi32] ==> lib [advapi32]
    arg [-lshell32] ==> lib [shell32]
    arg [-luser32] ==> lib [user32]
    arg [-lkernel32] ==> lib [kernel32]
    arg [-lmingw32] ==> lib [mingw32]
    arg [-lgcc] ==> lib [gcc]
    arg [-lgcc_eh] ==> lib [gcc_eh]
    arg [-lmoldname] ==> lib [moldname]
    arg [-lmingwex] ==> lib [mingwex]
    arg [-lmsvcrt] ==> lib [msvcrt]
    arg [c:/mingw/bin/../lib/gcc/mingw32/6.3.0/crtend.o] ==> obj [c:/mingw/bin/../lib/gcc/mingw32/6.3.0/crtend.o]
  remove lib [gcc_eh]
  remove lib [msvcrt]
  remove lib [gcc_eh]
  remove lib [msvcrt]
  collapse library dir [c:/mingw/bin/../lib/gcc/mingw32/6.3.0] ==> [c:/mingw/lib/gcc/mingw32/6.3.0]
  collapse library dir [c:/mingw/bin/../lib/gcc] ==> [c:/mingw/lib/gcc]
  collapse library dir [c:/mingw/bin/../lib/gcc/mingw32/6.3.0/../../../../mingw32/lib] ==> [c:/mingw/mingw32/lib]
  collapse library dir [c:/mingw/bin/../lib/gcc/mingw32/6.3.0/../../..] ==> [c:/mingw/lib]
  implicit libs: [mingw32;gcc;moldname;mingwex;advapi32;shell32;user32;kernel32;mingw32;gcc;moldname;mingwex]
  implicit objs: [c:/mingw/bin/../lib/gcc/mingw32/6.3.0/../../../crt2.o;c:/mingw/bin/../lib/gcc/mingw32/6.3.0/crtbegin.o;c:/mingw/bin/../lib/gcc/mingw32/6.3.0/crtend.o]
  implicit dirs: [c:/mingw/lib/gcc/mingw32/6.3.0;c:/mingw/lib/gcc;c:/mingw/mingw32/lib;c:/mingw/lib]
  implicit fwks: []


Detecting CXX compiler ABI info compiled with the following output:
Change Dir: /home/nicol/OneDrive/nicodeGmbH/C-Chip/CMakeFiles/CMakeScratch/TryCompile-JuWJ0G

Run Build Command(s):/opt/devkitpro/msys2/usr/bin/make.exe -f Makefile cmTC_dc1ff/fast && /opt/devkitpro/msys2/usr/bin/make  -f CMakeFiles/cmTC_dc1ff.dir/build.make CMakeFiles/cmTC_dc1ff.dir/build
make[1]: Entering directory '/home/nicol/OneDrive/nicodeGmbH/C-Chip/CMakeFiles/CMakeScratch/TryCompile-JuWJ0G'
Building CXX object CMakeFiles/cmTC_dc1ff.dir/CMakeCXXCompilerABI.cpp.o
/c/MinGW/bin/c++.exe   -v -o CMakeFiles/cmTC_dc1ff.dir/CMakeCXXCompilerABI.cpp.o -c /opt/devkitpro/msys2/usr/share/cmake/Modules/CMakeCXXCompilerABI.cpp
Using built-in specs.
COLLECT_GCC=C:\MinGW\bin\c++.exe
Target: mingw32
Configured with: ../src/gcc-6.3.0/configure --build=x86_64-pc-linux-gnu --host=mingw32 --with-gmp=/mingw --with-mpfr=/mingw --with-mpc=/mingw --with-isl=/mingw --prefix=/mingw --disable-win32-registry --target=mingw32 --with-arch=i586 --enable-languages=c,c++,objc,obj-c++,fortran,ada --with-pkgversion='MinGW.org GCC-6.3.0-1' --enable-static --enable-shared --enable-threads --with-dwarf2 --disable-sjlj-exceptions --enable-version-specific-runtime-libs --with-libiconv-prefix=/mingw --with-libintl-prefix=/mingw --enable-libstdcxx-debug --with-tune=generic --enable-libgomp --disable-libvtv --enable-nls
Thread model: win32
gcc version 6.3.0 (MinGW.org GCC-6.3.0-1) 
COLLECT_GCC_OPTIONS='-v' '-o' 'CMakeFiles/cmTC_dc1ff.dir/CMakeCXXCompilerABI.cpp.o' '-c' '-shared-libgcc' '-mtune=generic' '-march=i586'
 c:/mingw/bin/../libexec/gcc/mingw32/6.3.0/cc1plus.exe -quiet -v -iprefix c:\mingw\bin\../lib/gcc/mingw32/6.3.0/ C:/devkitPro/msys2/usr/share/cmake/Modules/CMakeCXXCompilerABI.cpp -quiet -dumpbase CMakeCXXCompilerABI.cpp -mtune=generic -march=i586 -auxbase-strip CMakeFiles/cmTC_dc1ff.dir/CMakeCXXCompilerABI.cpp.o -version -o C:\Users\nicol\AppData\Local\Temp\ccPvpZhm.s
GNU C++14 (MinGW.org GCC-6.3.0-1) version 6.3.0 (mingw32)
	compiled by GNU C version 6.3.0, GMP version 6.1.2, MPFR version 3.1.5, MPC version 1.0.2, isl version 0.15
warning: MPC header version 1.0.2 differs from library version 1.0.3.
GGC heuristics: --param ggc-min-expand=100 --param ggc-min-heapsize=131072
ignoring duplicate directory "c:/mingw/lib/gcc/../../lib/gcc/mingw32/6.3.0/include/c++"
ignoring duplicate directory "c:/mingw/lib/gcc/../../lib/gcc/mingw32/6.3.0/include/c++/mingw32"
ignoring duplicate directory "c:/mingw/lib/gcc/../../lib/gcc/mingw32/6.3.0/include/c++/backward"
ignoring duplicate directory "c:/mingw/lib/gcc/../../lib/gcc/mingw32/6.3.0/include"
ignoring duplicate directory "/mingw/lib/gcc/mingw32/6.3.0/../../../../include"
ignoring duplicate directory "c:/mingw/lib/gcc/../../include"
ignoring duplicate directory "c:/mingw/lib/gcc/../../lib/gcc/mingw32/6.3.0/include-fixed"
ignoring duplicate directory "c:/mingw/lib/gcc/../../lib/gcc/mingw32/6.3.0/../../../../mingw32/include"
ignoring duplicate directory "/mingw/include"
#include "..." search starts here:
#include <...> search starts here:
 c:\mingw\bin\../lib/gcc/mingw32/6.3.0/include/c++
 c:\mingw\bin\../lib/gcc/mingw32/6.3.0/include/c++/mingw32
 c:\mingw\bin\../lib/gcc/mingw32/6.3.0/include/c++/backward
 c:\mingw\bin\../lib/gcc/mingw32/6.3.0/include
 c:\mingw\bin\../lib/gcc/mingw32/6.3.0/../../../../include
 c:\mingw\bin\../lib/gcc/mingw32/6.3.0/include-fixed
 c:\mingw\bin\../lib/gcc/mingw32/6.3.0/../../../../mingw32/include
End of search list.
GNU C++14 (MinGW.org GCC-6.3.0-1) version 6.3.0 (mingw32)
	compiled by GNU C version 6.3.0, GMP version 6.1.2, MPFR version 3.1.5, MPC version 1.0.2, isl version 0.15
warning: MPC header version 1.0.2 differs from library version 1.0.3.
GGC heuristics: --param ggc-min-expand=100 --param ggc-min-heapsize=131072
Compiler executable checksum: af09a87986453bf79da3565f33c7648f
COLLECT_GCC_OPTIONS='-v' '-o' 'CMakeFiles/cmTC_dc1ff.dir/CMakeCXXCompilerABI.cpp.o' '-c' '-shared-libgcc' '-mtune=generic' '-march=i586'
 c:/mingw/bin/../lib/gcc/mingw32/6.3.0/../../../../mingw32/bin/as.exe -v -o CMakeFiles/cmTC_dc1ff.dir/CMakeCXXCompilerABI.cpp.o C:\Users\nicol\AppData\Local\Temp\ccPvpZhm.s
GNU assembler version 2.28 (mingw32) using BFD version (GNU Binutils) 2.28
COMPILER_PATH=c:/mingw/bin/../libexec/gcc/mingw32/6.3.0/;c:/mingw/bin/../libexec/gcc/;c:/mingw/bin/../lib/gcc/mingw32/6.3.0/../../../../mingw32/bin/
LIBRARY_PATH=c:/mingw/bin/../lib/gcc/mingw32/6.3.0/;c:/mingw/bin/../lib/gcc/;c:/mingw/bin/../lib/gcc/mingw32/6.3.0/../../../../mingw32/lib/;c:/mingw/bin/../lib/gcc/mingw32/6.3.0/../../../
COLLECT_GCC_OPTIONS='-v' '-o' 'CMakeFiles/cmTC_dc1ff.dir/CMakeCXXCompilerABI.cpp.o' '-c' '-shared-libgcc' '-mtune=generic' '-march=i586'
Linking CXX executable cmTC_dc1ff.exe
/opt/devkitpro/msys2/usr/bin/cmake.exe -E cmake_link_script CMakeFiles/cmTC_dc1ff.dir/link.txt --verbose=1
/c/MinGW/bin/c++.exe -Wl,--enable-auto-import -v CMakeFiles/cmTC_dc1ff.dir/CMakeCXXCompilerABI.cpp.o -o cmTC_dc1ff.exe -Wl,--out-implib,libcmTC_dc1ff.dll.a -Wl,--major-image-version,0,--minor-image-version,0 
Using built-in specs.
COLLECT_GCC=C:\MinGW\bin\c++.exe
COLLECT_LTO_WRAPPER=c:/mingw/bin/../libexec/gcc/mingw32/6.3.0/lto-wrapper.exe
Target: mingw32
Configured with: ../src/gcc-6.3.0/configure --build=x86_64-pc-linux-gnu --host=mingw32 --with-gmp=/mingw --with-mpfr=/mingw --with-mpc=/mingw --with-isl=/mingw --prefix=/mingw --disable-win32-registry --target=mingw32 --with-arch=i586 --enable-languages=c,c++,objc,obj-c++,fortran,ada --with-pkgversion='MinGW.org GCC-6.3.0-1' --enable-static --enable-shared --enable-threads --with-dwarf2 --disable-sjlj-exceptions --enable-version-specific-runtime-libs --with-libiconv-prefix=/mingw --with-libintl-prefix=/mingw --enable-libstdcxx-debug --with-tune=generic --enable-libgomp --disable-libvtv --enable-nls
Thread model: win32
gcc version 6.3.0 (MinGW.org GCC-6.3.0-1) 
COMPILER_PATH=c:/mingw/bin/../libexec/gcc/mingw32/6.3.0/;c:/mingw/bin/../libexec/gcc/;c:/mingw/bin/../lib/gcc/mingw32/6.3.0/../../../../mingw32/bin/
LIBRARY_PATH=c:/mingw/bin/../lib/gcc/mingw32/6.3.0/;c:/mingw/bin/../lib/gcc/;c:/mingw/bin/../lib/gcc/mingw32/6.3.0/../../../../mingw32/lib/;c:/mingw/bin/../lib/gcc/mingw32/6.3.0/../../../
COLLECT_GCC_OPTIONS='-v' '-o' 'cmTC_dc1ff.exe' '-shared-libgcc' '-mtune=generic' '-march=i586'
 c:/mingw/bin/../libexec/gcc/mingw32/6.3.0/collect2.exe -plugin c:/mingw/bin/../libexec/gcc/mingw32/6.3.0/liblto_plugin-0.dll -plugin-opt=c:/mingw/bin/../libexec/gcc/mingw32/6.3.0/lto-wrapper.exe -plugin-opt=-fresolution=C:\Users\nicol\AppData\Local\Temp\ccrLsqgt.res -plugin-opt=-pass-through=-lmingw32 -plugin-opt=-pass-through=-lgcc_s -plugin-opt=-pass-through=-lgcc -plugin-opt=-pass-through=-lmoldname -plugin-opt=-pass-through=-lmingwex -plugin-opt=-pass-through=-lmsvcrt -plugin-opt=-pass-through=-ladvapi32 -plugin-opt=-pass-through=-lshell32 -plugin-opt=-pass-through=-luser32 -plugin-opt=-pass-through=-lkernel32 -plugin-opt=-pass-through=-lmingw32 -plugin-opt=-pass-through=-lgcc_s -plugin-opt=-pass-through=-lgcc -plugin-opt=-pass-through=-lmoldname -plugin-opt=-pass-through=-lmingwex -plugin-opt=-pass-through=-lmsvcrt -Bdynamic -u ___register_frame_info -u ___deregister_frame_info -o cmTC_dc1ff.exe c:/mingw/bin/../lib/gcc/mingw32/6.3.0/../../../crt2.o c:/mingw/bin/../lib/gcc/mingw32/6.3.0/crtbegin.o -Lc:/mingw/bin/../lib/gcc/mingw32/6.3.0 -Lc:/mingw/bin/../lib/gcc -Lc:/mingw/bin/../lib/gcc/mingw32/6.3.0/../../../../mingw32/lib -Lc:/mingw/bin/../lib/gcc/mingw32/6.3.0/../../.. --enable-auto-import CMakeFiles/cmTC_dc1ff.dir/CMakeCXXCompilerABI.cpp.o --out-implib libcmTC_dc1ff.dll.a --major-image-version 0 --minor-image-version 0 -lstdc++ -lmingw32 -lgcc_s -lgcc -lmoldname -lmingwex -lmsvcrt -ladvapi32 -lshell32 -luser32 -lkernel32 -lmingw32 -lgcc_s -lgcc -lmoldname -lmingwex -lmsvcrt c:/mingw/bin/../lib/gcc/mingw32/6.3.0/crtend.o
COLLECT_GCC_OPTIONS='-v' '-o' 'cmTC_dc1ff.exe' '-shared-libgcc' '-mtune=generic' '-march=i586'
make[1]: Leaving directory '/home/nicol/OneDrive/nicodeGmbH/C-Chip/CMakeFiles/CMakeScratch/TryCompile-JuWJ0G'



Parsed CXX implicit include dir info from above output: rv=done
  found start of include info
  found start of implicit include info
    add: [c:/mingw/bin/../lib/gcc/mingw32/6.3.0/include/c++]
    add: [c:/mingw/bin/../lib/gcc/mingw32/6.3.0/include/c++/mingw32]
    add: [c:/mingw/bin/../lib/gcc/mingw32/6.3.0/include/c++/backward]
    add: [c:/mingw/bin/../lib/gcc/mingw32/6.3.0/include]
    add: [c:/mingw/bin/../lib/gcc/mingw32/6.3.0/../../../../include]
    add: [c:/mingw/bin/../lib/gcc/mingw32/6.3.0/include-fixed]
    add: [c:/mingw/bin/../lib/gcc/mingw32/6.3.0/../../../../mingw32/include]
  end of search list found
  skipping relative include dir [c:/mingw/bin/../lib/gcc/mingw32/6.3.0/include/c++]
  skipping relative include dir [c:/mingw/bin/../lib/gcc/mingw32/6.3.0/include/c++/mingw32]
  skipping relative include dir [c:/mingw/bin/../lib/gcc/mingw32/6.3.0/include/c++/backward]
  skipping relative include dir [c:/mingw/bin/../lib/gcc/mingw32/6.3.0/include]
  skipping relative include dir [c:/mingw/bin/../lib/gcc/mingw32/6.3.0/../../../../include]
  skipping relative include dir [c:/mingw/bin/../lib/gcc/mingw32/6.3.0/include-fixed]
  skipping relative include dir [c:/mingw/bin/../lib/gcc/mingw32/6.3.0/../../../../mingw32/include]
  implicit include dirs: []


Parsed CXX implicit link information from above output:
  link line regex: [^( *|.*[/\])(ld\.exe|CMAKE_LINK_STARTFILE-NOTFOUND|([^/\]+-)?ld|collect2)[^/\]*( |$)]
  ignore line: [Change Dir: /home/nicol/OneDrive/nicodeGmbH/C-Chip/CMakeFiles/CMakeScratch/TryCompile-JuWJ0G]
  ignore line: []
  ignore line: [Run Build Command(s):/opt/devkitpro/msys2/usr/bin/make.exe -f Makefile cmTC_dc1ff/fast && /opt/devkitpro/msys2/usr/bin/make  -f CMakeFiles/cmTC_dc1ff.dir/build.make CMakeFiles/cmTC_dc1ff.dir/build]
  ignore line: [make[1]: Entering directory '/home/nicol/OneDrive/nicodeGmbH/C-Chip/CMakeFiles/CMakeScratch/TryCompile-JuWJ0G']
  ignore line: [Building CXX object CMakeFiles/cmTC_dc1ff.dir/CMakeCXXCompilerABI.cpp.o]
  ignore line: [/c/MinGW/bin/c++.exe   -v -o CMakeFiles/cmTC_dc1ff.dir/CMakeCXXCompilerABI.cpp.o -c /opt/devkitpro/msys2/usr/share/cmake/Modules/CMakeCXXCompilerABI.cpp]
  ignore line: [Using built-in specs.]
  ignore line: [COLLECT_GCC=C:\MinGW\bin\c++.exe]
  ignore line: [Target: mingw32]
  ignore line: [Configured with: ../src/gcc-6.3.0/configure --build=x86_64-pc-linux-gnu --host=mingw32 --with-gmp=/mingw --with-mpfr=/mingw --with-mpc=/mingw --with-isl=/mingw --prefix=/mingw --disable-win32-registry --target=mingw32 --with-arch=i586 --enable-languages=c c++ objc obj-c++ fortran ada --with-pkgversion='MinGW.org GCC-6.3.0-1' --enable-static --enable-shared --enable-threads --with-dwarf2 --disable-sjlj-exceptions --enable-version-specific-runtime-libs --with-libiconv-prefix=/mingw --with-libintl-prefix=/mingw --enable-libstdcxx-debug --with-tune=generic --enable-libgomp --disable-libvtv --enable-nls]
  ignore line: [Thread model: win32]
  ignore line: [gcc version 6.3.0 (MinGW.org GCC-6.3.0-1) ]
  ignore line: [COLLECT_GCC_OPTIONS='-v' '-o' 'CMakeFiles/cmTC_dc1ff.dir/CMakeCXXCompilerABI.cpp.o' '-c' '-shared-libgcc' '-mtune=generic' '-march=i586']
  ignore line: [ c:/mingw/bin/../libexec/gcc/mingw32/6.3.0/cc1plus.exe -quiet -v -iprefix c:\mingw\bin\../lib/gcc/mingw32/6.3.0/ C:/devkitPro/msys2/usr/share/cmake/Modules/CMakeCXXCompilerABI.cpp -quiet -dumpbase CMakeCXXCompilerABI.cpp -mtune=generic -march=i586 -auxbase-strip CMakeFiles/cmTC_dc1ff.dir/CMakeCXXCompilerABI.cpp.o -version -o C:\Users\nicol\AppData\Local\Temp\ccPvpZhm.s]
  ignore line: [GNU C++14 (MinGW.org GCC-6.3.0-1) version 6.3.0 (mingw32)]
  ignore line: [	compiled by GNU C version 6.3.0  GMP version 6.1.2  MPFR version 3.1.5  MPC version 1.0.2  isl version 0.15]
  ignore line: [warning: MPC header version 1.0.2 differs from library version 1.0.3.]
  ignore line: [GGC heuristics: --param ggc-min-expand=100 --param ggc-min-heapsize=131072]
  ignore line: [ignoring duplicate directory "c:/mingw/lib/gcc/../../lib/gcc/mingw32/6.3.0/include/c++"]
  ignore line: [ignoring duplicate directory "c:/mingw/lib/gcc/../../lib/gcc/mingw32/6.3.0/include/c++/mingw32"]
  ignore line: [ignoring duplicate directory "c:/mingw/lib/gcc/../../lib/gcc/mingw32/6.3.0/include/c++/backward"]
  ignore line: [ignoring duplicate directory "c:/mingw/lib/gcc/../../lib/gcc/mingw32/6.3.0/include"]
  ignore line: [ignoring duplicate directory "/mingw/lib/gcc/mingw32/6.3.0/../../../../include"]
  ignore line: [ignoring duplicate directory "c:/mingw/lib/gcc/../../include"]
  ignore line: [ignoring duplicate directory "c:/mingw/lib/gcc/../../lib/gcc/mingw32/6.3.0/include-fixed"]
  ignore line: [ignoring duplicate directory "c:/mingw/lib/gcc/../../lib/gcc/mingw32/6.3.0/../../../../mingw32/include"]
  ignore line: [ignoring duplicate directory "/mingw/include"]
  ignore line: [#include "..." search starts here:]
  ignore line: [#include <...> search starts here:]
  ignore line: [ c:\mingw\bin\../lib/gcc/mingw32/6.3.0/include/c++]
  ignore line: [ c:\mingw\bin\../lib/gcc/mingw32/6.3.0/include/c++/mingw32]
  ignore line: [ c:\mingw\bin\../lib/gcc/mingw32/6.3.0/include/c++/backward]
  ignore line: [ c:\mingw\bin\../lib/gcc/mingw32/6.3.0/include]
  ignore line: [ c:\mingw\bin\../lib/gcc/mingw32/6.3.0/../../../../include]
  ignore line: [ c:\mingw\bin\../lib/gcc/mingw32/6.3.0/include-fixed]
  ignore line: [ c:\mingw\bin\../lib/gcc/mingw32/6.3.0/../../../../mingw32/include]
  ignore line: [End of search list.]
  ignore line: [GNU C++14 (MinGW.org GCC-6.3.0-1) version 6.3.0 (mingw32)]
  ignore line: [	compiled by GNU C version 6.3.0  GMP version 6.1.2  MPFR version 3.1.5  MPC version 1.0.2  isl version 0.15]
  ignore line: [warning: MPC header version 1.0.2 differs from library version 1.0.3.]
  ignore line: [GGC heuristics: --param ggc-min-expand=100 --param ggc-min-heapsize=131072]
  ignore line: [Compiler executable checksum: af09a87986453bf79da3565f33c7648f]
  ignore line: [COLLECT_GCC_OPTIONS='-v' '-o' 'CMakeFiles/cmTC_dc1ff.dir/CMakeCXXCompilerABI.cpp.o' '-c' '-shared-libgcc' '-mtune=generic' '-march=i586']
  ignore line: [ c:/mingw/bin/../lib/gcc/mingw32/6.3.0/../../../../mingw32/bin/as.exe -v -o CMakeFiles/cmTC_dc1ff.dir/CMakeCXXCompilerABI.cpp.o C:\Users\nicol\AppData\Local\Temp\ccPvpZhm.s]
  ignore line: [GNU assembler version 2.28 (mingw32) using BFD version (GNU Binutils) 2.28]
  ignore line: [COMPILER_PATH=c:/mingw/bin/../libexec/gcc/mingw32/6.3.0/]
  ignore line: [c:/mingw/bin/../libexec/gcc/]
  ignore line: [c:/mingw/bin/../lib/gcc/mingw32/6.3.0/../../../../mingw32/bin/]
  ignore line: [LIBRARY_PATH=c:/mingw/bin/../lib/gcc/mingw32/6.3.0/]
  ignore line: [c:/mingw/bin/../lib/gcc/]
  ignore line: [c:/mingw/bin/../lib/gcc/mingw32/6.3.0/../../../../mingw32/lib/]
  ignore line: [c:/mingw/bin/../lib/gcc/mingw32/6.3.0/../../../]
  ignore line: [COLLECT_GCC_OPTIONS='-v' '-o' 'CMakeFiles/cmTC_dc1ff.dir/CMakeCXXCompilerABI.cpp.o' '-c' '-shared-libgcc' '-mtune=generic' '-march=i586']
  ignore line: [Linking CXX executable cmTC_dc1ff.exe]
  ignore line: [/opt/devkitpro/msys2/usr/bin/cmake.exe -E cmake_link_script CMakeFiles/cmTC_dc1ff.dir/link.txt --verbose=1]
  ignore line: [/c/MinGW/bin/c++.exe -Wl --enable-auto-import -v CMakeFiles/cmTC_dc1ff.dir/CMakeCXXCompilerABI.cpp.o -o cmTC_dc1ff.exe -Wl --out-implib libcmTC_dc1ff.dll.a -Wl --major-image-version 0 --minor-image-version 0 ]
  ignore line: [Using built-in specs.]
  ignore line: [COLLECT_GCC=C:\MinGW\bin\c++.exe]
  ignore line: [COLLECT_LTO_WRAPPER=c:/mingw/bin/../libexec/gcc/mingw32/6.3.0/lto-wrapper.exe]
  ignore line: [Target: mingw32]
  ignore line: [Configured with: ../src/gcc-6.3.0/configure --build=x86_64-pc-linux-gnu --host=mingw32 --with-gmp=/mingw --with-mpfr=/mingw --with-mpc=/mingw --with-isl=/mingw --prefix=/mingw --disable-win32-registry --target=mingw32 --with-arch=i586 --enable-languages=c c++ objc obj-c++ fortran ada --with-pkgversion='MinGW.org GCC-6.3.0-1' --enable-static --enable-shared --enable-threads --with-dwarf2 --disable-sjlj-exceptions --enable-version-specific-runtime-libs --with-libiconv-prefix=/mingw --with-libintl-prefix=/mingw --enable-libstdcxx-debug --with-tune=generic --enable-libgomp --disable-libvtv --enable-nls]
  ignore line: [Thread model: win32]
  ignore line: [gcc version 6.3.0 (MinGW.org GCC-6.3.0-1) ]
  ignore line: [COMPILER_PATH=c:/mingw/bin/../libexec/gcc/mingw32/6.3.0/]
  ignore line: [c:/mingw/bin/../libexec/gcc/]
  ignore line: [c:/mingw/bin/../lib/gcc/mingw32/6.3.0/../../../../mingw32/bin/]
  ignore line: [LIBRARY_PATH=c:/mingw/bin/../lib/gcc/mingw32/6.3.0/]
  ignore line: [c:/mingw/bin/../lib/gcc/]
  ignore line: [c:/mingw/bin/../lib/gcc/mingw32/6.3.0/../../../../mingw32/lib/]
  ignore line: [c:/mingw/bin/../lib/gcc/mingw32/6.3.0/../../../]
  ignore line: [COLLECT_GCC_OPTIONS='-v' '-o' 'cmTC_dc1ff.exe' '-shared-libgcc' '-mtune=generic' '-march=i586']
  link line: [ c:/mingw/bin/../libexec/gcc/mingw32/6.3.0/collect2.exe -plugin c:/mingw/bin/../libexec/gcc/mingw32/6.3.0/liblto_plugin-0.dll -plugin-opt=c:/mingw/bin/../libexec/gcc/mingw32/6.3.0/lto-wrapper.exe -plugin-opt=-fresolution=C:\Users\nicol\AppData\Local\Temp\ccrLsqgt.res -plugin-opt=-pass-through=-lmingw32 -plugin-opt=-pass-through=-lgcc_s -plugin-opt=-pass-through=-lgcc -plugin-opt=-pass-through=-lmoldname -plugin-opt=-pass-through=-lmingwex -plugin-opt=-pass-through=-lmsvcrt -plugin-opt=-pass-through=-ladvapi32 -plugin-opt=-pass-through=-lshell32 -plugin-opt=-pass-through=-luser32 -plugin-opt=-pass-through=-lkernel32 -plugin-opt=-pass-through=-lmingw32 -plugin-opt=-pass-through=-lgcc_s -plugin-opt=-pass-through=-lgcc -plugin-opt=-pass-through=-lmoldname -plugin-opt=-pass-through=-lmingwex -plugin-opt=-pass-through=-lmsvcrt -Bdynamic -u ___register_frame_info -u ___deregister_frame_info -o cmTC_dc1ff.exe c:/mingw/bin/../lib/gcc/mingw32/6.3.0/../../../crt2.o c:/mingw/bin/../lib/gcc/mingw32/6.3.0/crtbegin.o -Lc:/mingw/bin/../lib/gcc/mingw32/6.3.0 -Lc:/mingw/bin/../lib/gcc -Lc:/mingw/bin/../lib/gcc/mingw32/6.3.0/../../../../mingw32/lib -Lc:/mingw/bin/../lib/gcc/mingw32/6.3.0/../../.. --enable-auto-import CMakeFiles/cmTC_dc1ff.dir/CMakeCXXCompilerABI.cpp.o --out-implib libcmTC_dc1ff.dll.a --major-image-version 0 --minor-image-version 0 -lstdc++ -lmingw32 -lgcc_s -lgcc -lmoldname -lmingwex -lmsvcrt -ladvapi32 -lshell32 -luser32 -lkernel32 -lmingw32 -lgcc_s -lgcc -lmoldname -lmingwex -lmsvcrt c:/mingw/bin/../lib/gcc/mingw32/6.3.0/crtend.o]
    arg [c:/mingw/bin/../libexec/gcc/mingw32/6.3.0/collect2.exe] ==> ignore
    arg [-plugin] ==> ignore
    arg [c:/mingw/bin/../libexec/gcc/mingw32/6.3.0/liblto_plugin-0.dll] ==> ignore
    arg [-plugin-opt=c:/mingw/bin/../libexec/gcc/mingw32/6.3.0/lto-wrapper.exe] ==> ignore
    arg [-plugin-opt=-fresolution=C:UsersnicolAppDataLocalTempccrLsqgt.res] ==> ignore
    arg [-plugin-opt=-pass-through=-lmingw32] ==> ignore
    arg [-plugin-opt=-pass-through=-lgcc_s] ==> ignore
    arg [-plugin-opt=-pass-through=-lgcc] ==> ignore
    arg [-plugin-opt=-pass-through=-lmoldname] ==> ignore
    arg [-plugin-opt=-pass-through=-lmingwex] ==> ignore
    arg [-plugin-opt=-pass-through=-lmsvcrt] ==> ignore
    arg [-plugin-opt=-pass-through=-ladvapi32] ==> ignore
    arg [-plugin-opt=-pass-through=-lshell32] ==> ignore
    arg [-plugin-opt=-pass-through=-luser32] ==> ignore
    arg [-plugin-opt=-pass-through=-lkernel32] ==> ignore
    arg [-plugin-opt=-pass-through=-lmingw32] ==> ignore
    arg [-plugin-opt=-pass-through=-lgcc_s] ==> ignore
    arg [-plugin-opt=-pass-through=-lgcc] ==> ignore
    arg [-plugin-opt=-pass-through=-lmoldname] ==> ignore
    arg [-plugin-opt=-pass-through=-lmingwex] ==> ignore
    arg [-plugin-opt=-pass-through=-lmsvcrt] ==> ignore
    arg [-Bdynamic] ==> search dynamic
    arg [-u] ==> ignore
    arg [___register_frame_info] ==> ignore
    arg [-u] ==> ignore
    arg [___deregister_frame_info] ==> ignore
    arg [-o] ==> ignore
    arg [cmTC_dc1ff.exe] ==> ignore
    arg [c:/mingw/bin/../lib/gcc/mingw32/6.3.0/../../../crt2.o] ==> obj [c:/mingw/bin/../lib/gcc/mingw32/6.3.0/../../../crt2.o]
    arg [c:/mingw/bin/../lib/gcc/mingw32/6.3.0/crtbegin.o] ==> obj [c:/mingw/bin/../lib/gcc/mingw32/6.3.0/crtbegin.o]
    arg [-Lc:/mingw/bin/../lib/gcc/mingw32/6.3.0] ==> dir [c:/mingw/bin/../lib/gcc/mingw32/6.3.0]
    arg [-Lc:/mingw/bin/../lib/gcc] ==> dir [c:/mingw/bin/../lib/gcc]
    arg [-Lc:/mingw/bin/../lib/gcc/mingw32/6.3.0/../../../../mingw32/lib] ==> dir [c:/mingw/bin/../lib/gcc/mingw32/6.3.0/../../../../mingw32/lib]
    arg [-Lc:/mingw/bin/../lib/gcc/mingw32/6.3.0/../../..] ==> dir [c:/mingw/bin/../lib/gcc/mingw32/6.3.0/../../..]
    arg [--enable-auto-import] ==> ignore
    arg [CMakeFiles/cmTC_dc1ff.dir/CMakeCXXCompilerABI.cpp.o] ==> ignore
    arg [--out-implib] ==> ignore
    arg [libcmTC_dc1ff.dll.a] ==> ignore
    arg [--major-image-version] ==> ignore
    arg [0] ==> ignore
    arg [--minor-image-version] ==> ignore
    arg [0] ==> ignore
    arg [-lstdc++] ==> lib [stdc++]
    arg [-lmingw32] ==> lib [mingw32]
    arg [-lgcc_s] ==> lib [gcc_s]
    arg [-lgcc] ==> lib [gcc]
    arg [-lmoldname] ==> lib [moldname]
    arg [-lmingwex] ==> lib [mingwex]
    arg [-lmsvcrt] ==> lib [msvcrt]
    arg [-ladvapi32] ==> lib [advapi32]
    arg [-lshell32] ==> lib [shell32]
    arg [-luser32] ==> lib [user32]
    arg [-lkernel32] ==> lib [kernel32]
    arg [-lmingw32] ==> lib [mingw32]
    arg [-lgcc_s] ==> lib [gcc_s]
    arg [-lgcc] ==> lib [gcc]
    arg [-lmoldname] ==> lib [moldname]
    arg [-lmingwex] ==> lib [mingwex]
    arg [-lmsvcrt] ==> lib [msvcrt]
    arg [c:/mingw/bin/../lib/gcc/mingw32/6.3.0/crtend.o] ==> obj [c:/mingw/bin/../lib/gcc/mingw32/6.3.0/crtend.o]
  remove lib [msvcrt]
  remove lib [msvcrt]
  collapse library dir [c:/mingw/bin/../lib/gcc/mingw32/6.3.0] ==> [c:/mingw/lib/gcc/mingw32/6.3.0]
  collapse library dir [c:/mingw/bin/../lib/gcc] ==> [c:/mingw/lib/gcc]
  collapse library dir [c:/mingw/bin/../lib/gcc/mingw32/6.3.0/../../../../mingw32/lib] ==> [c:/mingw/mingw32/lib]
  collapse library dir [c:/mingw/bin/../lib/gcc/mingw32/6.3.0/../../..] ==> [c:/mingw/lib]
  implicit libs: [stdc++;mingw32;gcc_s;gcc;moldname;mingwex;advapi32;shell32;user32;kernel32;mingw32;gcc_s;gcc;moldname;mingwex]
  implicit objs: [c:/mingw/bin/../lib/gcc/mingw32/6.3.0/../../../crt2.o;c:/mingw/bin/../lib/gcc/mingw32/6.3.0/crtbegin.o;c:/mingw/bin/../lib/gcc/mingw32/6.3.0/crtend.o]
  implicit dirs: [c:/mingw/lib/gcc/mingw32/6.3.0;c:/mingw/lib/gcc;c:/mingw/mingw32/lib;c:/mingw/lib]
  implicit fwks: []


